<?xml version="1.0" encoding="UTF-8"?>
<!-- Generated by org.testng.reporters.JUnitReportReporter -->
<testsuite hostname="LAPTOP-SRS7Q1U5" failures="0" tests="2" name="day1.AnnotationsDemo1" time="0.019" errors="0" timestamp="2024-10-19T18:57:07 IST" skipped="0">
  <testcase classname="day1.AnnotationsDemo1" name="search" time="0.017"/>
  <system-out/>
  <testcase classname="day1.AnnotationsDemo1" name="advancedsearch" time="0.002"/>
  <system-out/>
</testsuite> <!-- day1.AnnotationsDemo1 -->
