<?xml version="1.0" encoding="UTF-8"?>
<!-- Generated by org.testng.reporters.JUnitReportReporter -->
<testsuite hostname="LAPTOP-SRS7Q1U5" failures="0" tests="1" name="day1.pack.C1" time="0.010" errors="0" timestamp="2024-10-20T10:31:29 IST" skipped="0">
  <testcase classname="day1.pack.C1" name="abc" time="0.010"/>
  <system-out/>
</testsuite> <!-- day1.pack.C1 -->
