<?xml version="1.0" encoding="UTF-8"?>
<!-- Generated by org.testng.reporters.JUnitReportReporter -->
<testsuite hostname="LAPTOP-SRS7Q1U5" failures="0" tests="2" name="day1.pack.C2" time="0.005" errors="0" timestamp="2024-10-20T10:36:27 IST" skipped="0">
  <testcase classname="day1.pack.C2" name="xyz" time="0.002"/>
  <system-out/>
  <testcase classname="day1.pack.C2" name="xyz" time="0.003"/>
  <system-out/>
</testsuite> <!-- day1.pack.C2 -->
