<?xml version="1.0" encoding="UTF-8"?>
<!-- Generated by org.testng.reporters.JUnitReportReporter -->
<testsuite hostname="LAPTOP-SRS7Q1U5" failures="0" tests="2" name="day1.AnnotationsDemo2" time="0.014" errors="0" timestamp="2024-10-19T19:26:28 IST" skipped="0">
  <testcase classname="day1.AnnotationsDemo2" name="search" time="0.009"/>
  <system-out/>
  <testcase classname="day1.AnnotationsDemo2" name="advancedsearch" time="0.005"/>
  <system-out/>
</testsuite> <!-- day1.AnnotationsDemo2 -->
