<?xml version="1.0" encoding="UTF-8"?>
<!-- Generated by org.testng.reporters.JUnitReportReporter -->
<testsuite hostname="LAPTOP-SRS7Q1U5" failures="0" tests="2" name="day1.AllAnnotations" time="0.014" errors="0" timestamp="2024-10-20T11:35:40 IST" skipped="0">
  <testcase classname="day1.AllAnnotations" name="tm1" time="0.008"/>
  <system-out/>
  <testcase classname="day1.AllAnnotations" name="tm2" time="0.006"/>
  <system-out/>
</testsuite> <!-- day1.AllAnnotations -->
